 WARN Default agentspring url http://localhost:8080/agentspring-face/
 WARN ***** STARTING TICK 0 *****
 WARN   0. Dismantling & paying loans
 WARN   1. Determining fuel mix
 WARN         took: 1.331 seconds.
 WARN   3. Clearing electricity spot and CO2 markets
 WARN   4. Contracting Strategic Reserve 
 WARN         took: 3.958 seconds.
 WARN         paying took: 1.406 seconds.
 WARN   5. Paying for maintenance & co2
 WARN         took: 0.469 seconds.
 WARN   6. Purchasing commodities
 WARN         took: 0.753 seconds.
 WARN         took: 0.753 seconds.
 WARN   7. Investing
 WARN         took: 0.013 seconds.
 WARN Tick 0 took 16.614 seconds.
 WARN ***** STARTING TICK 1 *****
 WARN   0. Dismantling & paying loans
 WARN   1. Determining fuel mix
 WARN         took: 0.172 seconds.
 WARN   3. Clearing electricity spot and CO2 markets
 WARN   4. Contracting Strategic Reserve 
 WARN         took: 1.653 seconds.
 WARN         paying took: 0.909 seconds.
 WARN   5. Paying for maintenance & co2
 WARN         took: 0.274 seconds.
 WARN   6. Purchasing commodities
 WARN         took: 0.586 seconds.
 WARN         took: 0.586 seconds.
 WARN   7. Investing
 WARN         took: 0.002 seconds.
 WARN Tick 1 took 7.208 seconds.
 WARN ***** STARTING TICK 2 *****
 WARN   0. Dismantling & paying loans
 WARN   1. Determining fuel mix
 WARN         took: 0.132 seconds.
 WARN   3. Clearing electricity spot and CO2 markets
 WARN   4. Contracting Strategic Reserve 
 WARN         took: 1.563 seconds.
 WARN         paying took: 0.946 seconds.
 WARN   5. Paying for maintenance & co2
 WARN         took: 0.23 seconds.
 WARN   6. Purchasing commodities
 WARN         took: 0.667 seconds.
 WARN         took: 0.667 seconds.
 WARN   7. Investing
 WARN         took: 6.05 seconds.
 WARN Tick 2 took 12.758 seconds.
 WARN ***** STARTING TICK 3 *****
 WARN   0. Dismantling & paying loans
 WARN   1. Determining fuel mix
 WARN         took: 0.105 seconds.
 WARN   3. Clearing electricity spot and CO2 markets
 WARN   4. Contracting Strategic Reserve 
 WARN         took: 1.54 seconds.
 WARN         paying took: 1.4 seconds.
 WARN   5. Paying for maintenance & co2
 WARN         took: 0.19 seconds.
 WARN   6. Purchasing commodities
 WARN         took: 0.666 seconds.
 WARN         took: 0.666 seconds.
 WARN   7. Investing
 WARN         took: 2.852 seconds.
 WARN Tick 3 took 9.7 seconds.
 WARN ***** STARTING TICK 4 *****
 WARN   0. Dismantling & paying loans
 WARN   1. Determining fuel mix
 WARN         took: 0.092 seconds.
 WARN   3. Clearing electricity spot and CO2 markets
 WARN   4. Contracting Strategic Reserve 
 WARN         took: 1.486 seconds.
 WARN         paying took: 1.081 seconds.
 WARN   5. Paying for maintenance & co2
 WARN         took: 0.214 seconds.
 WARN   6. Purchasing commodities
 WARN         took: 0.604 seconds.
 WARN         took: 0.604 seconds.
 WARN   7. Investing
 WARN         took: 3.282 seconds.
 WARN Tick 4 took 9.688 seconds.
 WARN ***** STARTING TICK 5 *****
 WARN   0. Dismantling & paying loans
 WARN   1. Determining fuel mix
 WARN         took: 0.107 seconds.
 WARN   3. Clearing electricity spot and CO2 markets
 WARN   4. Contracting Strategic Reserve 
 WARN         took: 1.871 seconds.
 WARN         paying took: 1.154 seconds.
 WARN   5. Paying for maintenance & co2
 WARN         took: 0.168 seconds.
 WARN   6. Purchasing commodities
 WARN         took: 0.531 seconds.
 WARN         took: 0.531 seconds.
 WARN   7. Investing
 WARN         took: 2.617 seconds.
 WARN   9. Delete old nodes in year 0.
 WARN         took: 1.413 seconds.
 WARN Tick 5 took 10.765 seconds.
 WARN ***** STARTING TICK 6 *****
 WARN   0. Dismantling & paying loans
 WARN   1. Determining fuel mix
 WARN         took: 0.1 seconds.
 WARN   3. Clearing electricity spot and CO2 markets
 WARN   4. Contracting Strategic Reserve 
 WARN         took: 1.426 seconds.
 WARN         paying took: 1.114 seconds.
 WARN   5. Paying for maintenance & co2
 WARN         took: 0.167 seconds.
 WARN   6. Purchasing commodities
 WARN         took: 0.549 seconds.
 WARN         took: 0.549 seconds.
 WARN   7. Investing
 WARN         took: 2.552 seconds.
 WARN   9. Delete old nodes in year 1.
 WARN         took: 0.671 seconds.
 WARN Tick 6 took 9.441 seconds.
 WARN ***** STARTING TICK 7 *****
 WARN   0. Dismantling & paying loans
 WARN   1. Determining fuel mix
 WARN         took: 0.104 seconds.
 WARN   3. Clearing electricity spot and CO2 markets
 WARN   4. Contracting Strategic Reserve 
 WARN         took: 1.835 seconds.
 WARN         paying took: 1.118 seconds.
 WARN   5. Paying for maintenance & co2
 WARN         took: 0.181 seconds.
 WARN   6. Purchasing commodities
 WARN         took: 0.525 seconds.
 WARN         took: 0.525 seconds.
 WARN   7. Investing
 WARN         took: 2.62 seconds.
 WARN   9. Delete old nodes in year 2.
 WARN         took: 0.589 seconds.
 WARN Tick 7 took 9.904 seconds.
 WARN ***** STARTING TICK 8 *****
 WARN   0. Dismantling & paying loans
 WARN   1. Determining fuel mix
 WARN         took: 0.116 seconds.
 WARN   3. Clearing electricity spot and CO2 markets
 WARN   4. Contracting Strategic Reserve 
 WARN         took: 1.456 seconds.
 WARN         paying took: 1.138 seconds.
 WARN   5. Paying for maintenance & co2
 WARN         took: 0.172 seconds.
 WARN   6. Purchasing commodities
 WARN         took: 0.513 seconds.
 WARN         took: 0.513 seconds.
 WARN   7. Investing
 WARN         took: 2.537 seconds.
 WARN   9. Delete old nodes in year 3.
 WARN         took: 0.596 seconds.
 WARN Tick 8 took 9.179 seconds.
 WARN ***** STARTING TICK 9 *****
 WARN   0. Dismantling & paying loans
 WARN   1. Determining fuel mix
 WARN         took: 0.126 seconds.
 WARN   3. Clearing electricity spot and CO2 markets
 WARN   4. Contracting Strategic Reserve 
 WARN         took: 1.795 seconds.
 WARN         paying took: 1.067 seconds.
 WARN   5. Paying for maintenance & co2
 WARN         took: 0.156 seconds.
 WARN   6. Purchasing commodities
 WARN         took: 0.545 seconds.
 WARN         took: 0.545 seconds.
 WARN   7. Investing
 WARN         took: 2.705 seconds.
 WARN   9. Delete old nodes in year 4.
 WARN         took: 0.543 seconds.
 WARN Tick 9 took 9.602 seconds.
 WARN ***** STARTING TICK 10 *****
 WARN   0. Dismantling & paying loans
 WARN   1. Determining fuel mix
 WARN         took: 0.103 seconds.
 WARN   3. Clearing electricity spot and CO2 markets
 WARN   4. Contracting Strategic Reserve 
 WARN         took: 1.377 seconds.
 WARN         paying took: 1.017 seconds.
 WARN   5. Paying for maintenance & co2
 WARN         took: 0.149 seconds.
 WARN   6. Purchasing commodities
 WARN         took: 0.493 seconds.
 WARN         took: 0.493 seconds.
 WARN   7. Investing
 WARN         took: 2.334 seconds.
 WARN   9. Delete old nodes in year 5.
 WARN         took: 0.551 seconds.
 WARN Tick 10 took 8.504 seconds.
 WARN ***** STARTING TICK 11 *****
 WARN   0. Dismantling & paying loans
 WARN   1. Determining fuel mix
 WARN         took: 0.085 seconds.
 WARN   3. Clearing electricity spot and CO2 markets
 WARN   4. Contracting Strategic Reserve 
 WARN         took: 1.35 seconds.
 WARN         paying took: 0.988 seconds.
 WARN   5. Paying for maintenance & co2
 WARN         took: 0.147 seconds.
 WARN   6. Purchasing commodities
 WARN         took: 0.492 seconds.
 WARN         took: 0.492 seconds.
 WARN   7. Investing
 WARN         took: 2.511 seconds.
 WARN   9. Delete old nodes in year 6.
 WARN         took: 0.477 seconds.
 WARN Tick 11 took 8.454 seconds.
 WARN ***** STARTING TICK 12 *****
 WARN   0. Dismantling & paying loans
 WARN   1. Determining fuel mix
 WARN         took: 0.093 seconds.
 WARN   3. Clearing electricity spot and CO2 markets
 WARN   4. Contracting Strategic Reserve 
 WARN         took: 1.278 seconds.
 WARN         paying took: 0.943 seconds.
 WARN   5. Paying for maintenance & co2
 WARN         took: 0.148 seconds.
 WARN   6. Purchasing commodities
 WARN         took: 0.584 seconds.
 WARN         took: 0.584 seconds.
 WARN   7. Investing
 WARN         took: 2.187 seconds.
 WARN   9. Delete old nodes in year 7.
 WARN         took: 0.506 seconds.
 WARN Tick 12 took 8.147 seconds.
 WARN ***** STARTING TICK 13 *****
 WARN   0. Dismantling & paying loans
 WARN   1. Determining fuel mix
 WARN         took: 0.08 seconds.
 WARN   3. Clearing electricity spot and CO2 markets
 WARN   4. Contracting Strategic Reserve 
 WARN         took: 1.258 seconds.
 WARN         paying took: 0.938 seconds.
 WARN   5. Paying for maintenance & co2
 WARN         took: 0.148 seconds.
 WARN   6. Purchasing commodities
 WARN         took: 0.496 seconds.
 WARN         took: 0.496 seconds.
 WARN   7. Investing
 WARN         took: 2.188 seconds.
 WARN   9. Delete old nodes in year 8.
 WARN         took: 0.461 seconds.
 WARN Tick 13 took 7.847 seconds.
 WARN ***** STARTING TICK 14 *****
 WARN   0. Dismantling & paying loans
 WARN   1. Determining fuel mix
 WARN         took: 0.077 seconds.
 WARN   3. Clearing electricity spot and CO2 markets
 WARN   4. Contracting Strategic Reserve 
 WARN         took: 1.26 seconds.
 WARN         paying took: 0.926 seconds.
 WARN   5. Paying for maintenance & co2
 WARN         took: 0.148 seconds.
 WARN   6. Purchasing commodities
 WARN         took: 0.513 seconds.
 WARN         took: 0.513 seconds.
 WARN   7. Investing
 WARN         took: 3.435 seconds.
 WARN   9. Delete old nodes in year 9.
 WARN         took: 0.462 seconds.
 WARN Tick 14 took 9.09 seconds.
 WARN ***** STARTING TICK 15 *****
 WARN   0. Dismantling & paying loans
 WARN   1. Determining fuel mix
 WARN         took: 0.096 seconds.
 WARN   3. Clearing electricity spot and CO2 markets
 WARN   4. Contracting Strategic Reserve 
 WARN         took: 1.59 seconds.
 WARN         paying took: 1.17 seconds.
 WARN   5. Paying for maintenance & co2
 WARN         took: 0.154 seconds.
 WARN   6. Purchasing commodities
 WARN         took: 0.603 seconds.
 WARN         took: 0.603 seconds.
 WARN   7. Investing
 WARN         took: 4.531 seconds.
 WARN   9. Delete old nodes in year 10.
 WARN         took: 0.532 seconds.
 WARN Tick 15 took 11.141 seconds.
 WARN ***** STARTING TICK 16 *****
 WARN   0. Dismantling & paying loans
 WARN   1. Determining fuel mix
 WARN         took: 0.092 seconds.
 WARN   3. Clearing electricity spot and CO2 markets
 WARN   4. Contracting Strategic Reserve 
 WARN         took: 1.409 seconds.
 WARN         paying took: 0.885 seconds.
 WARN   5. Paying for maintenance & co2
 WARN         took: 0.147 seconds.
 WARN   6. Purchasing commodities
 WARN         took: 0.489 seconds.
 WARN         took: 0.489 seconds.
 WARN   7. Investing
 WARN         took: 5.207 seconds.
 WARN   9. Delete old nodes in year 11.
 WARN         took: 0.422 seconds.
 WARN Tick 16 took 11.38 seconds.
 WARN ***** STARTING TICK 17 *****
 WARN   0. Dismantling & paying loans
 WARN   1. Determining fuel mix
 WARN         took: 0.109 seconds.
 WARN   3. Clearing electricity spot and CO2 markets
 WARN   4. Contracting Strategic Reserve 
 WARN         took: 1.293 seconds.
 WARN         paying took: 0.904 seconds.
 WARN   5. Paying for maintenance & co2
 WARN         took: 0.152 seconds.
 WARN   6. Purchasing commodities
 WARN         took: 0.514 seconds.
 WARN         took: 0.514 seconds.
 WARN   7. Investing
 WARN         took: 6.814 seconds.
 WARN   9. Delete old nodes in year 12.
 WARN         took: 0.53 seconds.
 WARN Tick 17 took 12.835 seconds.
 WARN ***** STARTING TICK 18 *****
 WARN   0. Dismantling & paying loans
 WARN   1. Determining fuel mix
 WARN         took: 0.097 seconds.
 WARN   3. Clearing electricity spot and CO2 markets
 WARN   4. Contracting Strategic Reserve 
 WARN         took: 1.324 seconds.
 WARN         paying took: 0.9 seconds.
 WARN   5. Paying for maintenance & co2
 WARN         took: 0.14 seconds.
 WARN   6. Purchasing commodities
 WARN         took: 0.517 seconds.
 WARN         took: 0.517 seconds.
 WARN   7. Investing
 WARN         took: 5.8 seconds.
 WARN   9. Delete old nodes in year 13.
 WARN         took: 0.529 seconds.
 WARN Tick 18 took 11.952 seconds.
 WARN ***** STARTING TICK 19 *****
 WARN   0. Dismantling & paying loans
 WARN   1. Determining fuel mix
 WARN         took: 0.125 seconds.
 WARN   3. Clearing electricity spot and CO2 markets
 WARN   4. Contracting Strategic Reserve 
 WARN         took: 1.447 seconds.
 WARN         paying took: 0.992 seconds.
 WARN   5. Paying for maintenance & co2
 WARN         took: 0.18 seconds.
 WARN   6. Purchasing commodities
 WARN         took: 0.595 seconds.
 WARN         took: 0.595 seconds.
 WARN   7. Investing
 WARN         took: 3.854 seconds.
 WARN   9. Delete old nodes in year 14.
 WARN         took: 0.432 seconds.
 WARN Tick 19 took 10.459 seconds.
 WARN ***** STARTING TICK 20 *****
 WARN   0. Dismantling & paying loans
 WARN   1. Determining fuel mix
 WARN         took: 0.118 seconds.
 WARN   3. Clearing electricity spot and CO2 markets
 WARN   4. Contracting Strategic Reserve 
 WARN         took: 1.4 seconds.
 WARN         paying took: 0.962 seconds.
 WARN   5. Paying for maintenance & co2
 WARN         took: 0.166 seconds.
 WARN   6. Purchasing commodities
 WARN         took: 0.524 seconds.
 WARN         took: 0.524 seconds.
 WARN   7. Investing
 WARN         took: 4.184 seconds.
 WARN   9. Delete old nodes in year 15.
 WARN         took: 0.428 seconds.
 WARN Tick 20 took 10.534 seconds.
 WARN ***** STARTING TICK 21 *****
 WARN   0. Dismantling & paying loans
 WARN   1. Determining fuel mix
 WARN         took: 0.149 seconds.
 WARN   3. Clearing electricity spot and CO2 markets
 WARN   4. Contracting Strategic Reserve 
 WARN         took: 1.46 seconds.
 WARN         paying took: 1.019 seconds.
 WARN   5. Paying for maintenance & co2
 WARN         took: 0.176 seconds.
 WARN   6. Purchasing commodities
 WARN         took: 0.527 seconds.
 WARN         took: 0.527 seconds.
 WARN   7. Investing
 WARN         took: 3.875 seconds.
 WARN   9. Delete old nodes in year 16.
 WARN         took: 0.428 seconds.
 WARN Tick 21 took 10.598 seconds.
 WARN ***** STARTING TICK 22 *****
 WARN   0. Dismantling & paying loans
 WARN   1. Determining fuel mix
 WARN         took: 0.11 seconds.
 WARN   3. Clearing electricity spot and CO2 markets
 WARN   4. Contracting Strategic Reserve 
 WARN         took: 1.498 seconds.
 WARN         paying took: 1.118 seconds.
 WARN   5. Paying for maintenance & co2
 WARN         took: 0.198 seconds.
 WARN   6. Purchasing commodities
 WARN         took: 0.527 seconds.
 WARN         took: 0.527 seconds.
 WARN   7. Investing
 WARN         took: 3.144 seconds.
 WARN   9. Delete old nodes in year 17.
 WARN         took: 0.431 seconds.
 WARN Tick 22 took 10.22 seconds.
 WARN ***** STARTING TICK 23 *****
 WARN   0. Dismantling & paying loans
 WARN   1. Determining fuel mix
 WARN         took: 0.107 seconds.
 WARN   3. Clearing electricity spot and CO2 markets
 WARN   4. Contracting Strategic Reserve 
 WARN         took: 1.501 seconds.
 WARN         paying took: 1.073 seconds.
 WARN   5. Paying for maintenance & co2
 WARN         took: 0.185 seconds.
 WARN   6. Purchasing commodities
 WARN         took: 0.521 seconds.
 WARN         took: 0.521 seconds.
 WARN   7. Investing
 WARN         took: 3.176 seconds.
 WARN   9. Delete old nodes in year 18.
 WARN         took: 0.448 seconds.
 WARN Tick 23 took 10.014 seconds.
 WARN ***** STARTING TICK 24 *****
 WARN   0. Dismantling & paying loans
 WARN   1. Determining fuel mix
 WARN         took: 0.11 seconds.
 WARN   3. Clearing electricity spot and CO2 markets
 WARN   4. Contracting Strategic Reserve 
 WARN         took: 1.484 seconds.
 WARN         paying took: 1.075 seconds.
 WARN   5. Paying for maintenance & co2
 WARN         took: 0.189 seconds.
 WARN   6. Purchasing commodities
